C:\2STUDY\1COREDATA\2019博士后\2019-2020科研\机器人位置跟踪\TRACKMOTION\TRACKMOTION_V4(UNSTABLE)\TRACKMOTION_V1\DEBUG\AXIS.OBJ
C:\2STUDY\1COREDATA\2019博士后\2019-2020科研\机器人位置跟踪\TRACKMOTION\TRACKMOTION_V4(UNSTABLE)\TRACKMOTION_V1\DEBUG\COORDGEN.OBJ
C:\2STUDY\1COREDATA\2019博士后\2019-2020科研\机器人位置跟踪\TRACKMOTION\TRACKMOTION_V4(UNSTABLE)\TRACKMOTION_V1\DEBUG\EGM.OBJ
C:\2STUDY\1COREDATA\2019博士后\2019-2020科研\机器人位置跟踪\TRACKMOTION\TRACKMOTION_V4(UNSTABLE)\TRACKMOTION_V1\DEBUG\EGM.PB.OBJ
C:\2STUDY\1COREDATA\2019博士后\2019-2020科研\机器人位置跟踪\TRACKMOTION\TRACKMOTION_V4(UNSTABLE)\TRACKMOTION_V1\DEBUG\GEOMETRYMODEL.OBJ
C:\2STUDY\1COREDATA\2019博士后\2019-2020科研\机器人位置跟踪\TRACKMOTION\TRACKMOTION_V4(UNSTABLE)\TRACKMOTION_V1\DEBUG\MATHMATICA.OBJ
C:\2STUDY\1COREDATA\2019博士后\2019-2020科研\机器人位置跟踪\TRACKMOTION\TRACKMOTION_V4(UNSTABLE)\TRACKMOTION_V1\DEBUG\STDAFX.OBJ
C:\2STUDY\1COREDATA\2019博士后\2019-2020科研\机器人位置跟踪\TRACKMOTION\TRACKMOTION_V4(UNSTABLE)\TRACKMOTION_V1\DEBUG\TRACKMOTION.OBJ
C:\2STUDY\1COREDATA\2019博士后\2019-2020科研\机器人位置跟踪\TRACKMOTION\TRACKMOTION_V4(UNSTABLE)\TRACKMOTION_V1\DEBUG\USE_ABB_BECKHOFF.OBJ
C:\2STUDY\1COREDATA\2019博士后\2019-2020科研\机器人位置跟踪\TRACKMOTION\TRACKMOTION_V4(UNSTABLE)\TRACKMOTION_V1\DEBUG\VC110.PDB
C:\2STUDY\1COREDATA\2019博士后\2019-2020科研\机器人位置跟踪\TRACKMOTION\TRACKMOTION_V4(UNSTABLE)\DEBUG\TRACKMOTION_V4(UNSTABLE).ILK
C:\2STUDY\1COREDATA\2019博士后\2019-2020科研\机器人位置跟踪\TRACKMOTION\TRACKMOTION_V4(UNSTABLE)\DEBUG\TRACKMOTION_V4(UNSTABLE).EXE
C:\2STUDY\1COREDATA\2019博士后\2019-2020科研\机器人位置跟踪\TRACKMOTION\TRACKMOTION_V4(UNSTABLE)\DEBUG\TRACKMOTION_V4(UNSTABLE).PDB
C:\2STUDY\1CoreDATA\2019博士后\2019-2020科研\机器人位置跟踪\TrackMotion\TrackMotion_v4(unstable)\TrackMotion_v1\Debug\Axis.obj
C:\2STUDY\1CoreDATA\2019博士后\2019-2020科研\机器人位置跟踪\TrackMotion\TrackMotion_v4(unstable)\TrackMotion_v1\Debug\CoordGen.obj
C:\2STUDY\1CoreDATA\2019博士后\2019-2020科研\机器人位置跟踪\TrackMotion\TrackMotion_v4(unstable)\TrackMotion_v1\Debug\Egm.obj
C:\2STUDY\1CoreDATA\2019博士后\2019-2020科研\机器人位置跟踪\TrackMotion\TrackMotion_v4(unstable)\TrackMotion_v1\Debug\egm.pb.obj
C:\2STUDY\1CoreDATA\2019博士后\2019-2020科研\机器人位置跟踪\TrackMotion\TrackMotion_v4(unstable)\TrackMotion_v1\Debug\Geometrymodel.obj
C:\2STUDY\1CoreDATA\2019博士后\2019-2020科研\机器人位置跟踪\TrackMotion\TrackMotion_v4(unstable)\TrackMotion_v1\Debug\mathmatica.obj
C:\2STUDY\1CoreDATA\2019博士后\2019-2020科研\机器人位置跟踪\TrackMotion\TrackMotion_v4(unstable)\TrackMotion_v1\Debug\stdafx.obj
C:\2STUDY\1CoreDATA\2019博士后\2019-2020科研\机器人位置跟踪\TrackMotion\TrackMotion_v4(unstable)\TrackMotion_v1\Debug\TrackMotion.obj
C:\2STUDY\1CoreDATA\2019博士后\2019-2020科研\机器人位置跟踪\TrackMotion\TrackMotion_v4(unstable)\TrackMotion_v1\Debug\Use_Abb_Beckhoff.obj
C:\2STUDY\1CoreDATA\2019博士后\2019-2020科研\机器人位置跟踪\TrackMotion\TrackMotion_v4(unstable)\TrackMotion_v1\Debug\cl.command.1.tlog
C:\2STUDY\1CoreDATA\2019博士后\2019-2020科研\机器人位置跟踪\TrackMotion\TrackMotion_v4(unstable)\TrackMotion_v1\Debug\CL.read.1.tlog
C:\2STUDY\1CoreDATA\2019博士后\2019-2020科研\机器人位置跟踪\TrackMotion\TrackMotion_v4(unstable)\TrackMotion_v1\Debug\CL.write.1.tlog
C:\2STUDY\1CoreDATA\2019博士后\2019-2020科研\机器人位置跟踪\TrackMotion\TrackMotion_v4(unstable)\TrackMotion_v1\Debug\link-cvtres.read.1.tlog
C:\2STUDY\1CoreDATA\2019博士后\2019-2020科研\机器人位置跟踪\TrackMotion\TrackMotion_v4(unstable)\TrackMotion_v1\Debug\link-cvtres.write.1.tlog
C:\2STUDY\1CoreDATA\2019博士后\2019-2020科研\机器人位置跟踪\TrackMotion\TrackMotion_v4(unstable)\TrackMotion_v1\Debug\link-rc.read.1.tlog
C:\2STUDY\1CoreDATA\2019博士后\2019-2020科研\机器人位置跟踪\TrackMotion\TrackMotion_v4(unstable)\TrackMotion_v1\Debug\link-rc.write.1.tlog
C:\2STUDY\1CoreDATA\2019博士后\2019-2020科研\机器人位置跟踪\TrackMotion\TrackMotion_v4(unstable)\TrackMotion_v1\Debug\link.152852-cvtres.read.1.tlog
C:\2STUDY\1CoreDATA\2019博士后\2019-2020科研\机器人位置跟踪\TrackMotion\TrackMotion_v4(unstable)\TrackMotion_v1\Debug\link.152852-cvtres.write.1.tlog
C:\2STUDY\1CoreDATA\2019博士后\2019-2020科研\机器人位置跟踪\TrackMotion\TrackMotion_v4(unstable)\TrackMotion_v1\Debug\link.152852-rc.read.1.tlog
C:\2STUDY\1CoreDATA\2019博士后\2019-2020科研\机器人位置跟踪\TrackMotion\TrackMotion_v4(unstable)\TrackMotion_v1\Debug\link.152852-rc.write.1.tlog
C:\2STUDY\1CoreDATA\2019博士后\2019-2020科研\机器人位置跟踪\TrackMotion\TrackMotion_v4(unstable)\TrackMotion_v1\Debug\link.152852.read.1.tlog
C:\2STUDY\1CoreDATA\2019博士后\2019-2020科研\机器人位置跟踪\TrackMotion\TrackMotion_v4(unstable)\TrackMotion_v1\Debug\link.152852.write.1.tlog
C:\2STUDY\1CoreDATA\2019博士后\2019-2020科研\机器人位置跟踪\TrackMotion\TrackMotion_v4(unstable)\TrackMotion_v1\Debug\link.165428-cvtres.read.1.tlog
C:\2STUDY\1CoreDATA\2019博士后\2019-2020科研\机器人位置跟踪\TrackMotion\TrackMotion_v4(unstable)\TrackMotion_v1\Debug\link.165428-cvtres.write.1.tlog
C:\2STUDY\1CoreDATA\2019博士后\2019-2020科研\机器人位置跟踪\TrackMotion\TrackMotion_v4(unstable)\TrackMotion_v1\Debug\link.165428-rc.read.1.tlog
C:\2STUDY\1CoreDATA\2019博士后\2019-2020科研\机器人位置跟踪\TrackMotion\TrackMotion_v4(unstable)\TrackMotion_v1\Debug\link.165428-rc.write.1.tlog
C:\2STUDY\1CoreDATA\2019博士后\2019-2020科研\机器人位置跟踪\TrackMotion\TrackMotion_v4(unstable)\TrackMotion_v1\Debug\link.165428.read.1.tlog
C:\2STUDY\1CoreDATA\2019博士后\2019-2020科研\机器人位置跟踪\TrackMotion\TrackMotion_v4(unstable)\TrackMotion_v1\Debug\link.165428.write.1.tlog
C:\2STUDY\1CoreDATA\2019博士后\2019-2020科研\机器人位置跟踪\TrackMotion\TrackMotion_v4(unstable)\TrackMotion_v1\Debug\link.192372-cvtres.read.1.tlog
C:\2STUDY\1CoreDATA\2019博士后\2019-2020科研\机器人位置跟踪\TrackMotion\TrackMotion_v4(unstable)\TrackMotion_v1\Debug\link.192372-cvtres.write.1.tlog
C:\2STUDY\1CoreDATA\2019博士后\2019-2020科研\机器人位置跟踪\TrackMotion\TrackMotion_v4(unstable)\TrackMotion_v1\Debug\link.192372-rc.read.1.tlog
C:\2STUDY\1CoreDATA\2019博士后\2019-2020科研\机器人位置跟踪\TrackMotion\TrackMotion_v4(unstable)\TrackMotion_v1\Debug\link.192372-rc.write.1.tlog
C:\2STUDY\1CoreDATA\2019博士后\2019-2020科研\机器人位置跟踪\TrackMotion\TrackMotion_v4(unstable)\TrackMotion_v1\Debug\link.192372.read.1.tlog
C:\2STUDY\1CoreDATA\2019博士后\2019-2020科研\机器人位置跟踪\TrackMotion\TrackMotion_v4(unstable)\TrackMotion_v1\Debug\link.192372.write.1.tlog
C:\2STUDY\1CoreDATA\2019博士后\2019-2020科研\机器人位置跟踪\TrackMotion\TrackMotion_v4(unstable)\TrackMotion_v1\Debug\link.193072-cvtres.read.1.tlog
C:\2STUDY\1CoreDATA\2019博士后\2019-2020科研\机器人位置跟踪\TrackMotion\TrackMotion_v4(unstable)\TrackMotion_v1\Debug\link.193072-cvtres.write.1.tlog
C:\2STUDY\1CoreDATA\2019博士后\2019-2020科研\机器人位置跟踪\TrackMotion\TrackMotion_v4(unstable)\TrackMotion_v1\Debug\link.193072-rc.read.1.tlog
C:\2STUDY\1CoreDATA\2019博士后\2019-2020科研\机器人位置跟踪\TrackMotion\TrackMotion_v4(unstable)\TrackMotion_v1\Debug\link.193072-rc.write.1.tlog
C:\2STUDY\1CoreDATA\2019博士后\2019-2020科研\机器人位置跟踪\TrackMotion\TrackMotion_v4(unstable)\TrackMotion_v1\Debug\link.193072.read.1.tlog
C:\2STUDY\1CoreDATA\2019博士后\2019-2020科研\机器人位置跟踪\TrackMotion\TrackMotion_v4(unstable)\TrackMotion_v1\Debug\link.193072.write.1.tlog
C:\2STUDY\1CoreDATA\2019博士后\2019-2020科研\机器人位置跟踪\TrackMotion\TrackMotion_v4(unstable)\TrackMotion_v1\Debug\link.193704-cvtres.read.1.tlog
C:\2STUDY\1CoreDATA\2019博士后\2019-2020科研\机器人位置跟踪\TrackMotion\TrackMotion_v4(unstable)\TrackMotion_v1\Debug\link.193704-cvtres.write.1.tlog
C:\2STUDY\1CoreDATA\2019博士后\2019-2020科研\机器人位置跟踪\TrackMotion\TrackMotion_v4(unstable)\TrackMotion_v1\Debug\link.193704-rc.read.1.tlog
C:\2STUDY\1CoreDATA\2019博士后\2019-2020科研\机器人位置跟踪\TrackMotion\TrackMotion_v4(unstable)\TrackMotion_v1\Debug\link.193704-rc.write.1.tlog
C:\2STUDY\1CoreDATA\2019博士后\2019-2020科研\机器人位置跟踪\TrackMotion\TrackMotion_v4(unstable)\TrackMotion_v1\Debug\link.193704.read.1.tlog
C:\2STUDY\1CoreDATA\2019博士后\2019-2020科研\机器人位置跟踪\TrackMotion\TrackMotion_v4(unstable)\TrackMotion_v1\Debug\link.193704.write.1.tlog
C:\2STUDY\1CoreDATA\2019博士后\2019-2020科研\机器人位置跟踪\TrackMotion\TrackMotion_v4(unstable)\TrackMotion_v1\Debug\link.195076-cvtres.read.1.tlog
C:\2STUDY\1CoreDATA\2019博士后\2019-2020科研\机器人位置跟踪\TrackMotion\TrackMotion_v4(unstable)\TrackMotion_v1\Debug\link.195076-cvtres.write.1.tlog
C:\2STUDY\1CoreDATA\2019博士后\2019-2020科研\机器人位置跟踪\TrackMotion\TrackMotion_v4(unstable)\TrackMotion_v1\Debug\link.195076-rc.read.1.tlog
C:\2STUDY\1CoreDATA\2019博士后\2019-2020科研\机器人位置跟踪\TrackMotion\TrackMotion_v4(unstable)\TrackMotion_v1\Debug\link.195076-rc.write.1.tlog
C:\2STUDY\1CoreDATA\2019博士后\2019-2020科研\机器人位置跟踪\TrackMotion\TrackMotion_v4(unstable)\TrackMotion_v1\Debug\link.195076.read.1.tlog
C:\2STUDY\1CoreDATA\2019博士后\2019-2020科研\机器人位置跟踪\TrackMotion\TrackMotion_v4(unstable)\TrackMotion_v1\Debug\link.195076.write.1.tlog
C:\2STUDY\1CoreDATA\2019博士后\2019-2020科研\机器人位置跟踪\TrackMotion\TrackMotion_v4(unstable)\TrackMotion_v1\Debug\link.195332-cvtres.read.1.tlog
C:\2STUDY\1CoreDATA\2019博士后\2019-2020科研\机器人位置跟踪\TrackMotion\TrackMotion_v4(unstable)\TrackMotion_v1\Debug\link.195332-cvtres.write.1.tlog
C:\2STUDY\1CoreDATA\2019博士后\2019-2020科研\机器人位置跟踪\TrackMotion\TrackMotion_v4(unstable)\TrackMotion_v1\Debug\link.195332-rc.read.1.tlog
C:\2STUDY\1CoreDATA\2019博士后\2019-2020科研\机器人位置跟踪\TrackMotion\TrackMotion_v4(unstable)\TrackMotion_v1\Debug\link.195332-rc.write.1.tlog
C:\2STUDY\1CoreDATA\2019博士后\2019-2020科研\机器人位置跟踪\TrackMotion\TrackMotion_v4(unstable)\TrackMotion_v1\Debug\link.195332.read.1.tlog
C:\2STUDY\1CoreDATA\2019博士后\2019-2020科研\机器人位置跟踪\TrackMotion\TrackMotion_v4(unstable)\TrackMotion_v1\Debug\link.195332.write.1.tlog
C:\2STUDY\1CoreDATA\2019博士后\2019-2020科研\机器人位置跟踪\TrackMotion\TrackMotion_v4(unstable)\TrackMotion_v1\Debug\link.196004-cvtres.read.1.tlog
C:\2STUDY\1CoreDATA\2019博士后\2019-2020科研\机器人位置跟踪\TrackMotion\TrackMotion_v4(unstable)\TrackMotion_v1\Debug\link.196004-cvtres.write.1.tlog
C:\2STUDY\1CoreDATA\2019博士后\2019-2020科研\机器人位置跟踪\TrackMotion\TrackMotion_v4(unstable)\TrackMotion_v1\Debug\link.196004-rc.read.1.tlog
C:\2STUDY\1CoreDATA\2019博士后\2019-2020科研\机器人位置跟踪\TrackMotion\TrackMotion_v4(unstable)\TrackMotion_v1\Debug\link.196004-rc.write.1.tlog
C:\2STUDY\1CoreDATA\2019博士后\2019-2020科研\机器人位置跟踪\TrackMotion\TrackMotion_v4(unstable)\TrackMotion_v1\Debug\link.196004.read.1.tlog
C:\2STUDY\1CoreDATA\2019博士后\2019-2020科研\机器人位置跟踪\TrackMotion\TrackMotion_v4(unstable)\TrackMotion_v1\Debug\link.196004.write.1.tlog
C:\2STUDY\1CoreDATA\2019博士后\2019-2020科研\机器人位置跟踪\TrackMotion\TrackMotion_v4(unstable)\TrackMotion_v1\Debug\link.196692-cvtres.read.1.tlog
C:\2STUDY\1CoreDATA\2019博士后\2019-2020科研\机器人位置跟踪\TrackMotion\TrackMotion_v4(unstable)\TrackMotion_v1\Debug\link.196692-cvtres.write.1.tlog
C:\2STUDY\1CoreDATA\2019博士后\2019-2020科研\机器人位置跟踪\TrackMotion\TrackMotion_v4(unstable)\TrackMotion_v1\Debug\link.196692-rc.read.1.tlog
C:\2STUDY\1CoreDATA\2019博士后\2019-2020科研\机器人位置跟踪\TrackMotion\TrackMotion_v4(unstable)\TrackMotion_v1\Debug\link.196692-rc.write.1.tlog
C:\2STUDY\1CoreDATA\2019博士后\2019-2020科研\机器人位置跟踪\TrackMotion\TrackMotion_v4(unstable)\TrackMotion_v1\Debug\link.196692.read.1.tlog
C:\2STUDY\1CoreDATA\2019博士后\2019-2020科研\机器人位置跟踪\TrackMotion\TrackMotion_v4(unstable)\TrackMotion_v1\Debug\link.196692.write.1.tlog
C:\2STUDY\1CoreDATA\2019博士后\2019-2020科研\机器人位置跟踪\TrackMotion\TrackMotion_v4(unstable)\TrackMotion_v1\Debug\link.199176-cvtres.read.1.tlog
C:\2STUDY\1CoreDATA\2019博士后\2019-2020科研\机器人位置跟踪\TrackMotion\TrackMotion_v4(unstable)\TrackMotion_v1\Debug\link.199176-cvtres.write.1.tlog
C:\2STUDY\1CoreDATA\2019博士后\2019-2020科研\机器人位置跟踪\TrackMotion\TrackMotion_v4(unstable)\TrackMotion_v1\Debug\link.199176-rc.read.1.tlog
C:\2STUDY\1CoreDATA\2019博士后\2019-2020科研\机器人位置跟踪\TrackMotion\TrackMotion_v4(unstable)\TrackMotion_v1\Debug\link.199176-rc.write.1.tlog
C:\2STUDY\1CoreDATA\2019博士后\2019-2020科研\机器人位置跟踪\TrackMotion\TrackMotion_v4(unstable)\TrackMotion_v1\Debug\link.199176.read.1.tlog
C:\2STUDY\1CoreDATA\2019博士后\2019-2020科研\机器人位置跟踪\TrackMotion\TrackMotion_v4(unstable)\TrackMotion_v1\Debug\link.199176.write.1.tlog
C:\2STUDY\1CoreDATA\2019博士后\2019-2020科研\机器人位置跟踪\TrackMotion\TrackMotion_v4(unstable)\TrackMotion_v1\Debug\link.200228-cvtres.read.1.tlog
C:\2STUDY\1CoreDATA\2019博士后\2019-2020科研\机器人位置跟踪\TrackMotion\TrackMotion_v4(unstable)\TrackMotion_v1\Debug\link.200228-cvtres.write.1.tlog
C:\2STUDY\1CoreDATA\2019博士后\2019-2020科研\机器人位置跟踪\TrackMotion\TrackMotion_v4(unstable)\TrackMotion_v1\Debug\link.200228-rc.read.1.tlog
C:\2STUDY\1CoreDATA\2019博士后\2019-2020科研\机器人位置跟踪\TrackMotion\TrackMotion_v4(unstable)\TrackMotion_v1\Debug\link.200228-rc.write.1.tlog
C:\2STUDY\1CoreDATA\2019博士后\2019-2020科研\机器人位置跟踪\TrackMotion\TrackMotion_v4(unstable)\TrackMotion_v1\Debug\link.200228.read.1.tlog
C:\2STUDY\1CoreDATA\2019博士后\2019-2020科研\机器人位置跟踪\TrackMotion\TrackMotion_v4(unstable)\TrackMotion_v1\Debug\link.200228.write.1.tlog
C:\2STUDY\1CoreDATA\2019博士后\2019-2020科研\机器人位置跟踪\TrackMotion\TrackMotion_v4(unstable)\TrackMotion_v1\Debug\link.201716-cvtres.read.1.tlog
C:\2STUDY\1CoreDATA\2019博士后\2019-2020科研\机器人位置跟踪\TrackMotion\TrackMotion_v4(unstable)\TrackMotion_v1\Debug\link.201716-cvtres.write.1.tlog
C:\2STUDY\1CoreDATA\2019博士后\2019-2020科研\机器人位置跟踪\TrackMotion\TrackMotion_v4(unstable)\TrackMotion_v1\Debug\link.201716-rc.read.1.tlog
C:\2STUDY\1CoreDATA\2019博士后\2019-2020科研\机器人位置跟踪\TrackMotion\TrackMotion_v4(unstable)\TrackMotion_v1\Debug\link.201716-rc.write.1.tlog
C:\2STUDY\1CoreDATA\2019博士后\2019-2020科研\机器人位置跟踪\TrackMotion\TrackMotion_v4(unstable)\TrackMotion_v1\Debug\link.201716.read.1.tlog
C:\2STUDY\1CoreDATA\2019博士后\2019-2020科研\机器人位置跟踪\TrackMotion\TrackMotion_v4(unstable)\TrackMotion_v1\Debug\link.201716.write.1.tlog
C:\2STUDY\1CoreDATA\2019博士后\2019-2020科研\机器人位置跟踪\TrackMotion\TrackMotion_v4(unstable)\TrackMotion_v1\Debug\link.command.1.tlog
C:\2STUDY\1CoreDATA\2019博士后\2019-2020科研\机器人位置跟踪\TrackMotion\TrackMotion_v4(unstable)\TrackMotion_v1\Debug\link.read.1.tlog
C:\2STUDY\1CoreDATA\2019博士后\2019-2020科研\机器人位置跟踪\TrackMotion\TrackMotion_v4(unstable)\TrackMotion_v1\Debug\link.write.1.tlog
C:\2STUDY\1CoreDATA\2019博士后\2019-2020科研\机器人位置跟踪\TrackMotion\TrackMotion_v4(unstable)\TrackMotion_v1\Debug\vc110.idb
C:\2STUDY\1CoreDATA\2019博士后\2019-2020科研\机器人位置跟踪\TrackMotion\TrackMotion_v4(unstable)\TrackMotion_v1\Debug\vc110.pdb
C:\2STUDY\1CoreDATA\2019博士后\2019-2020科研\机器人位置跟踪\TrackMotion\TrackMotion_v4(unstable)\Debug\TrackMotion_v4(unstable).pdb
C:\2STUDY\1CoreDATA\2019博士后\2019-2020科研\机器人位置跟踪\TrackMotion\TrackMotion_v4(unstable)\Debug\TrackMotion_v4(unstable).exe
C:\2STUDY\1CoreDATA\2019博士后\2019-2020科研\机器人位置跟踪\TrackMotion\TrackMotion_v4(unstable)\Debug\TrackMotion_v4(unstable).ilk
