C:\2STUDY\1COREDATA\2019博士后\2019-2020科研\机器人位置跟踪\TRACKMOTION\TRACKMOTION_V1\TRACKMOTION_V1\DEBUG\STDAFX.OBJ
C:\2STUDY\1COREDATA\2019博士后\2019-2020科研\机器人位置跟踪\TRACKMOTION\TRACKMOTION_V1\TRACKMOTION_V1\DEBUG\TRACKMOTION_V1.OBJ
C:\2STUDY\1COREDATA\2019博士后\2019-2020科研\机器人位置跟踪\TRACKMOTION\TRACKMOTION_V1\TRACKMOTION_V1\DEBUG\VC110.PDB
C:\2STUDY\1COREDATA\2019博士后\2019-2020科研\机器人位置跟踪\TRACKMOTION\TRACKMOTION_V1\DEBUG\TRACKMOTION_V1.ILK
C:\2STUDY\1COREDATA\2019博士后\2019-2020科研\机器人位置跟踪\TRACKMOTION\TRACKMOTION_V1\DEBUG\TRACKMOTION_V1.EXE
C:\2STUDY\1COREDATA\2019博士后\2019-2020科研\机器人位置跟踪\TRACKMOTION\TRACKMOTION_V1\DEBUG\TRACKMOTION_V1.PDB
C:\2STUDY\1CoreDATA\2019博士后\2019-2020科研\机器人位置跟踪\TrackMotion\TrackMotion_v1\TrackMotion_v1\Debug\stdafx.obj
C:\2STUDY\1CoreDATA\2019博士后\2019-2020科研\机器人位置跟踪\TrackMotion\TrackMotion_v1\TrackMotion_v1\Debug\cl.command.1.tlog
C:\2STUDY\1CoreDATA\2019博士后\2019-2020科研\机器人位置跟踪\TrackMotion\TrackMotion_v1\TrackMotion_v1\Debug\CL.read.1.tlog
C:\2STUDY\1CoreDATA\2019博士后\2019-2020科研\机器人位置跟踪\TrackMotion\TrackMotion_v1\TrackMotion_v1\Debug\CL.write.1.tlog
C:\2STUDY\1CoreDATA\2019博士后\2019-2020科研\机器人位置跟踪\TrackMotion\TrackMotion_v1\TrackMotion_v1\Debug\link-cvtres.read.1.tlog
C:\2STUDY\1CoreDATA\2019博士后\2019-2020科研\机器人位置跟踪\TrackMotion\TrackMotion_v1\TrackMotion_v1\Debug\link-cvtres.write.1.tlog
C:\2STUDY\1CoreDATA\2019博士后\2019-2020科研\机器人位置跟踪\TrackMotion\TrackMotion_v1\TrackMotion_v1\Debug\link-rc.read.1.tlog
C:\2STUDY\1CoreDATA\2019博士后\2019-2020科研\机器人位置跟踪\TrackMotion\TrackMotion_v1\TrackMotion_v1\Debug\link-rc.write.1.tlog
C:\2STUDY\1CoreDATA\2019博士后\2019-2020科研\机器人位置跟踪\TrackMotion\TrackMotion_v1\TrackMotion_v1\Debug\link.command.1.tlog
C:\2STUDY\1CoreDATA\2019博士后\2019-2020科研\机器人位置跟踪\TrackMotion\TrackMotion_v1\TrackMotion_v1\Debug\link.read.1.tlog
C:\2STUDY\1CoreDATA\2019博士后\2019-2020科研\机器人位置跟踪\TrackMotion\TrackMotion_v1\TrackMotion_v1\Debug\link.write.1.tlog
C:\2STUDY\1CoreDATA\2019博士后\2019-2020科研\机器人位置跟踪\TrackMotion\TrackMotion_v1\TrackMotion_v1\Debug\vc110.idb
C:\2STUDY\1CoreDATA\2019博士后\2019-2020科研\机器人位置跟踪\TrackMotion\TrackMotion_v1\TrackMotion_v1\Debug\vc110.pdb
C:\2STUDY\1CoreDATA\2019博士后\2019-2020科研\机器人位置跟踪\TrackMotion\TrackMotion_v1\Debug\TrackMotion_v1.pdb
C:\2STUDY\1CoreDATA\2019博士后\2019-2020科研\机器人位置跟踪\TrackMotion\TrackMotion_v1\Debug\TrackMotion_v1.exe
C:\2STUDY\1CoreDATA\2019博士后\2019-2020科研\机器人位置跟踪\TrackMotion\TrackMotion_v1\Debug\TrackMotion_v1.ilk
