C:\2STUDY\1COREDATA\2019博士后\2019-2020科研\机器人位置跟踪\TRACKMOTION\TRACKMOTION_V4(UNSTABLE)\TRACKMOTION_V1\DEBUG\AXIS.OBJ
C:\2STUDY\1COREDATA\2019博士后\2019-2020科研\机器人位置跟踪\TRACKMOTION\TRACKMOTION_V4(UNSTABLE)\TRACKMOTION_V1\DEBUG\COORDGEN.OBJ
C:\2STUDY\1COREDATA\2019博士后\2019-2020科研\机器人位置跟踪\TRACKMOTION\TRACKMOTION_V4(UNSTABLE)\TRACKMOTION_V1\DEBUG\EGM.OBJ
C:\2STUDY\1COREDATA\2019博士后\2019-2020科研\机器人位置跟踪\TRACKMOTION\TRACKMOTION_V4(UNSTABLE)\TRACKMOTION_V1\DEBUG\EGM.PB.OBJ
C:\2STUDY\1COREDATA\2019博士后\2019-2020科研\机器人位置跟踪\TRACKMOTION\TRACKMOTION_V4(UNSTABLE)\TRACKMOTION_V1\DEBUG\MATHMATICA.OBJ
C:\2STUDY\1COREDATA\2019博士后\2019-2020科研\机器人位置跟踪\TRACKMOTION\TRACKMOTION_V4(UNSTABLE)\TRACKMOTION_V1\DEBUG\ORIGEN.OBJ
C:\2STUDY\1COREDATA\2019博士后\2019-2020科研\机器人位置跟踪\TRACKMOTION\TRACKMOTION_V4(UNSTABLE)\TRACKMOTION_V1\DEBUG\STDAFX.OBJ
C:\2STUDY\1COREDATA\2019博士后\2019-2020科研\机器人位置跟踪\TRACKMOTION\TRACKMOTION_V4(UNSTABLE)\TRACKMOTION_V1\DEBUG\TRACKMOTION.OBJ
C:\2STUDY\1COREDATA\2019博士后\2019-2020科研\机器人位置跟踪\TRACKMOTION\TRACKMOTION_V4(UNSTABLE)\TRACKMOTION_V1\DEBUG\USE_ABB_BECKHOFF.OBJ
C:\2STUDY\1COREDATA\2019博士后\2019-2020科研\机器人位置跟踪\TRACKMOTION\TRACKMOTION_V4(UNSTABLE)\TRACKMOTION_V1\DEBUG\VC110.PDB
C:\2Study\1CoreDATA\2019博士后\2019-2020科研\机器人位置跟踪\TrackMotion\TrackMotion_v4(unstable)\TrackMotion_v1\Debug\Axis.obj
C:\2Study\1CoreDATA\2019博士后\2019-2020科研\机器人位置跟踪\TrackMotion\TrackMotion_v4(unstable)\TrackMotion_v1\Debug\CoordGen.obj
C:\2Study\1CoreDATA\2019博士后\2019-2020科研\机器人位置跟踪\TrackMotion\TrackMotion_v4(unstable)\TrackMotion_v1\Debug\Egm.obj
C:\2Study\1CoreDATA\2019博士后\2019-2020科研\机器人位置跟踪\TrackMotion\TrackMotion_v4(unstable)\TrackMotion_v1\Debug\egm.pb.obj
C:\2Study\1CoreDATA\2019博士后\2019-2020科研\机器人位置跟踪\TrackMotion\TrackMotion_v4(unstable)\TrackMotion_v1\Debug\mathmatica.obj
C:\2Study\1CoreDATA\2019博士后\2019-2020科研\机器人位置跟踪\TrackMotion\TrackMotion_v4(unstable)\TrackMotion_v1\Debug\OriGen.obj
C:\2Study\1CoreDATA\2019博士后\2019-2020科研\机器人位置跟踪\TrackMotion\TrackMotion_v4(unstable)\TrackMotion_v1\Debug\stdafx.obj
C:\2Study\1CoreDATA\2019博士后\2019-2020科研\机器人位置跟踪\TrackMotion\TrackMotion_v4(unstable)\TrackMotion_v1\Debug\TrackMotion.obj
C:\2Study\1CoreDATA\2019博士后\2019-2020科研\机器人位置跟踪\TrackMotion\TrackMotion_v4(unstable)\TrackMotion_v1\Debug\Use_Abb_Beckhoff.obj
C:\2Study\1CoreDATA\2019博士后\2019-2020科研\机器人位置跟踪\TrackMotion\TrackMotion_v4(unstable)\TrackMotion_v1\Debug\cl.command.1.tlog
C:\2Study\1CoreDATA\2019博士后\2019-2020科研\机器人位置跟踪\TrackMotion\TrackMotion_v4(unstable)\TrackMotion_v1\Debug\CL.read.1.tlog
C:\2Study\1CoreDATA\2019博士后\2019-2020科研\机器人位置跟踪\TrackMotion\TrackMotion_v4(unstable)\TrackMotion_v1\Debug\CL.write.1.tlog
C:\2Study\1CoreDATA\2019博士后\2019-2020科研\机器人位置跟踪\TrackMotion\TrackMotion_v4(unstable)\TrackMotion_v1\Debug\vc110.idb
C:\2Study\1CoreDATA\2019博士后\2019-2020科研\机器人位置跟踪\TrackMotion\TrackMotion_v4(unstable)\TrackMotion_v1\Debug\vc110.pdb
